{"/mnt/c/Users/KyleM/Desktop/GlobalWarming/spec/helpers/jasmine_examples/SpecHelper.js":{"path":"/mnt/c/Users/KyleM/Desktop/GlobalWarming/spec/helpers/jasmine_examples/SpecHelper.js","s":{"1":1,"2":1,"3":0,"4":0,"5":0},"b":{"1":[0,0]},"f":{"1":1,"2":0,"3":0},"fnMap":{"1":{"name":"(anonymous_1)","line":1,"loc":{"start":{"line":1,"column":11},"end":{"line":1,"column":23}}},"2":{"name":"(anonymous_2)","line":3,"loc":{"start":{"line":3,"column":17},"end":{"line":3,"column":29}}},"3":{"name":"(anonymous_3)","line":5,"loc":{"start":{"line":5,"column":17},"end":{"line":5,"column":45}}}},"statementMap":{"1":{"start":{"line":1,"column":0},"end":{"line":15,"column":3}},"2":{"start":{"line":2,"column":2},"end":{"line":14,"column":5}},"3":{"start":{"line":4,"column":6},"end":{"line":12,"column":8}},"4":{"start":{"line":6,"column":10},"end":{"line":6,"column":30}},"5":{"start":{"line":8,"column":10},"end":{"line":10,"column":11}}},"branchMap":{"1":{"line":9,"type":"binary-expr","locations":[{"start":{"line":9,"column":18},"end":{"line":9,"column":58}},{"start":{"line":9,"column":62},"end":{"line":9,"column":78}}]}}},"/mnt/c/Users/KyleM/Desktop/GlobalWarming/server/databaseTests.js":{"path":"/mnt/c/Users/KyleM/Desktop/GlobalWarming/server/databaseTests.js","s":{"1":1,"2":1,"3":1,"4":1,"5":1},"b":{},"f":{"1":1,"2":1},"fnMap":{"1":{"name":"(anonymous_1)","line":2,"loc":{"start":{"line":2,"column":33},"end":{"line":2,"column":44}}},"2":{"name":"(anonymous_2)","line":3,"loc":{"start":{"line":3,"column":49},"end":{"line":3,"column":60}}}},"statementMap":{"1":{"start":{"line":2,"column":0},"end":{"line":10,"column":3}},"2":{"start":{"line":3,"column":2},"end":{"line":9,"column":5}},"3":{"start":{"line":5,"column":4},"end":{"line":5,"column":53}},"4":{"start":{"line":6,"column":1},"end":{"line":6,"column":34}},"5":{"start":{"line":8,"column":4},"end":{"line":8,"column":27}}},"branchMap":{}},"/mnt/c/Users/KyleM/Desktop/GlobalWarming/server/database/database.js":{"path":"/mnt/c/Users/KyleM/Desktop/GlobalWarming/server/database/database.js","s":{"1":1,"2":1,"3":1,"4":1,"5":0,"6":0,"7":0,"8":0,"9":0,"10":0,"11":0,"12":0,"13":0,"14":0,"15":0,"16":1,"17":0,"18":0,"19":0,"20":0,"21":1,"22":0,"23":0,"24":0,"25":1,"26":0,"27":0,"28":0,"29":0,"30":0,"31":0,"32":0,"33":0,"34":0,"35":0,"36":0,"37":0,"38":0,"39":0,"40":0,"41":0,"42":0,"43":0,"44":0,"45":0,"46":0,"47":0,"48":0,"49":0,"50":0,"51":0,"52":0,"53":0,"54":0,"55":0,"56":0,"57":0,"58":0,"59":0,"60":0,"61":0,"62":0,"63":0,"64":0,"65":0,"66":0,"67":0,"68":0,"69":0,"70":0,"71":0,"72":0,"73":0,"74":0,"75":0,"76":0,"77":0,"78":0,"79":0,"80":0,"81":0,"82":0,"83":0,"84":0,"85":0,"86":0,"87":0,"88":0,"89":0,"90":0,"91":0,"92":0,"93":0,"94":0,"95":0,"96":0,"97":1},"b":{"1":[0,0],"2":[0,0],"3":[0,0],"4":[0,0],"5":[0,0],"6":[0,0],"7":[0,0],"8":[0,0],"9":[0,0],"10":[0,0],"11":[0,0],"12":[0,0],"13":[0,0],"14":[0,0],"15":[0,0],"16":[0,0],"17":[0,0],"18":[0,0]},"f":{"1":0,"2":0,"3":0,"4":0,"5":0,"6":1,"7":0,"8":0,"9":0,"10":0,"11":0,"12":0,"13":0,"14":0,"15":0,"16":0,"17":0,"18":0,"19":0},"fnMap":{"1":{"name":"(anonymous_1)","line":31,"loc":{"start":{"line":31,"column":23},"end":{"line":31,"column":38}}},"2":{"name":"(anonymous_2)","line":38,"loc":{"start":{"line":38,"column":37},"end":{"line":38,"column":57}}},"3":{"name":"(anonymous_3)","line":42,"loc":{"start":{"line":42,"column":41},"end":{"line":42,"column":61}}},"4":{"name":"(anonymous_4)","line":52,"loc":{"start":{"line":52,"column":37},"end":{"line":52,"column":69}}},"5":{"name":"(anonymous_5)","line":53,"loc":{"start":{"line":53,"column":53},"end":{"line":53,"column":76}}},"6":{"name":"(anonymous_6)","line":61,"loc":{"start":{"line":61,"column":14},"end":{"line":61,"column":17}}},"7":{"name":"(anonymous_7)","line":62,"loc":{"start":{"line":62,"column":28},"end":{"line":62,"column":41}}},"8":{"name":"(anonymous_8)","line":69,"loc":{"start":{"line":69,"column":10},"end":{"line":69,"column":22}}},"9":{"name":"(anonymous_9)","line":79,"loc":{"start":{"line":79,"column":20},"end":{"line":79,"column":40}}},"10":{"name":"(anonymous_10)","line":86,"loc":{"start":{"line":86,"column":10},"end":{"line":86,"column":29}}},"11":{"name":"(anonymous_11)","line":95,"loc":{"start":{"line":95,"column":30},"end":{"line":95,"column":50}}},"12":{"name":"(anonymous_12)","line":103,"loc":{"start":{"line":103,"column":14},"end":{"line":103,"column":33}}},"13":{"name":"(anonymous_13)","line":113,"loc":{"start":{"line":113,"column":55},"end":{"line":113,"column":75}}},"14":{"name":"(anonymous_14)","line":121,"loc":{"start":{"line":121,"column":50},"end":{"line":121,"column":73}}},"15":{"name":"(anonymous_15)","line":135,"loc":{"start":{"line":135,"column":9},"end":{"line":135,"column":28}}},"16":{"name":"(anonymous_16)","line":143,"loc":{"start":{"line":143,"column":29},"end":{"line":143,"column":48}}},"17":{"name":"(anonymous_17)","line":152,"loc":{"start":{"line":152,"column":12},"end":{"line":152,"column":29}}},"18":{"name":"(anonymous_18)","line":161,"loc":{"start":{"line":161,"column":19},"end":{"line":161,"column":33}}},"19":{"name":"(anonymous_19)","line":167,"loc":{"start":{"line":167,"column":13},"end":{"line":167,"column":36}}}},"statementMap":{"1":{"start":{"line":7,"column":0},"end":{"line":10,"column":26}},"2":{"start":{"line":12,"column":0},"end":{"line":12,"column":89}},"3":{"start":{"line":14,"column":0},"end":{"line":29,"column":3}},"4":{"start":{"line":31,"column":0},"end":{"line":50,"column":3}},"5":{"start":{"line":32,"column":4},"end":{"line":32,"column":20}},"6":{"start":{"line":35,"column":4},"end":{"line":35,"column":52}},"7":{"start":{"line":35,"column":38},"end":{"line":35,"column":52}},"8":{"start":{"line":38,"column":4},"end":{"line":49,"column":7}},"9":{"start":{"line":39,"column":8},"end":{"line":39,"column":34}},"10":{"start":{"line":39,"column":17},"end":{"line":39,"column":34}},"11":{"start":{"line":42,"column":8},"end":{"line":48,"column":11}},"12":{"start":{"line":43,"column":12},"end":{"line":43,"column":38}},"13":{"start":{"line":43,"column":21},"end":{"line":43,"column":38}},"14":{"start":{"line":46,"column":12},"end":{"line":46,"column":33}},"15":{"start":{"line":47,"column":12},"end":{"line":47,"column":19}},"16":{"start":{"line":52,"column":0},"end":{"line":57,"column":2}},"17":{"start":{"line":53,"column":4},"end":{"line":56,"column":7}},"18":{"start":{"line":54,"column":8},"end":{"line":54,"column":32}},"19":{"start":{"line":54,"column":17},"end":{"line":54,"column":32}},"20":{"start":{"line":55,"column":8},"end":{"line":55,"column":26}},"21":{"start":{"line":62,"column":6},"end":{"line":65,"column":9}},"22":{"start":{"line":63,"column":9},"end":{"line":63,"column":27}},"23":{"start":{"line":63,"column":17},"end":{"line":63,"column":27}},"24":{"start":{"line":64,"column":9},"end":{"line":64,"column":58}},"25":{"start":{"line":66,"column":6},"end":{"line":66,"column":57}},"26":{"start":{"line":70,"column":6},"end":{"line":83,"column":9}},"27":{"start":{"line":71,"column":9},"end":{"line":71,"column":26}},"28":{"start":{"line":72,"column":9},"end":{"line":72,"column":25}},"29":{"start":{"line":73,"column":9},"end":{"line":78,"column":10}},"30":{"start":{"line":74,"column":12},"end":{"line":74,"column":32}},"31":{"start":{"line":76,"column":12},"end":{"line":76,"column":50}},"32":{"start":{"line":77,"column":12},"end":{"line":77,"column":19}},"33":{"start":{"line":79,"column":9},"end":{"line":82,"column":12}},"34":{"start":{"line":80,"column":12},"end":{"line":80,"column":32}},"35":{"start":{"line":80,"column":20},"end":{"line":80,"column":32}},"36":{"start":{"line":81,"column":12},"end":{"line":81,"column":26}},"37":{"start":{"line":87,"column":6},"end":{"line":99,"column":9}},"38":{"start":{"line":88,"column":9},"end":{"line":88,"column":26}},"39":{"start":{"line":89,"column":9},"end":{"line":89,"column":25}},"40":{"start":{"line":90,"column":9},"end":{"line":94,"column":10}},"41":{"start":{"line":90,"column":35},"end":{"line":90,"column":55}},"42":{"start":{"line":92,"column":12},"end":{"line":92,"column":50}},"43":{"start":{"line":93,"column":12},"end":{"line":93,"column":18}},"44":{"start":{"line":95,"column":9},"end":{"line":98,"column":12}},"45":{"start":{"line":96,"column":12},"end":{"line":97,"column":31}},"46":{"start":{"line":96,"column":28},"end":{"line":96,"column":41}},"47":{"start":{"line":97,"column":17},"end":{"line":97,"column":31}},"48":{"start":{"line":104,"column":6},"end":{"line":132,"column":9}},"49":{"start":{"line":105,"column":8},"end":{"line":105,"column":25}},"50":{"start":{"line":106,"column":8},"end":{"line":106,"column":24}},"51":{"start":{"line":107,"column":8},"end":{"line":111,"column":9}},"52":{"start":{"line":107,"column":34},"end":{"line":107,"column":54}},"53":{"start":{"line":109,"column":10},"end":{"line":109,"column":48}},"54":{"start":{"line":110,"column":10},"end":{"line":110,"column":16}},"55":{"start":{"line":113,"column":8},"end":{"line":130,"column":11}},"56":{"start":{"line":114,"column":10},"end":{"line":114,"column":30}},"57":{"start":{"line":114,"column":18},"end":{"line":114,"column":30}},"58":{"start":{"line":115,"column":10},"end":{"line":120,"column":11}},"59":{"start":{"line":116,"column":12},"end":{"line":116,"column":47}},"60":{"start":{"line":117,"column":12},"end":{"line":117,"column":33}},"61":{"start":{"line":118,"column":12},"end":{"line":118,"column":60}},"62":{"start":{"line":119,"column":12},"end":{"line":119,"column":18}},"63":{"start":{"line":121,"column":10},"end":{"line":129,"column":13}},"64":{"start":{"line":122,"column":12},"end":{"line":122,"column":31}},"65":{"start":{"line":122,"column":21},"end":{"line":122,"column":31}},"66":{"start":{"line":123,"column":12},"end":{"line":123,"column":24}},"67":{"start":{"line":124,"column":12},"end":{"line":125,"column":52}},"68":{"start":{"line":124,"column":25},"end":{"line":124,"column":53}},"69":{"start":{"line":125,"column":17},"end":{"line":125,"column":52}},"70":{"start":{"line":126,"column":12},"end":{"line":126,"column":33}},"71":{"start":{"line":127,"column":12},"end":{"line":127,"column":62}},"72":{"start":{"line":128,"column":12},"end":{"line":128,"column":18}},"73":{"start":{"line":136,"column":6},"end":{"line":148,"column":9}},"74":{"start":{"line":137,"column":9},"end":{"line":137,"column":26}},"75":{"start":{"line":138,"column":9},"end":{"line":142,"column":10}},"76":{"start":{"line":138,"column":35},"end":{"line":138,"column":55}},"77":{"start":{"line":140,"column":12},"end":{"line":140,"column":50}},"78":{"start":{"line":141,"column":12},"end":{"line":141,"column":19}},"79":{"start":{"line":143,"column":9},"end":{"line":147,"column":12}},"80":{"start":{"line":144,"column":12},"end":{"line":144,"column":32}},"81":{"start":{"line":144,"column":20},"end":{"line":144,"column":32}},"82":{"start":{"line":145,"column":12},"end":{"line":145,"column":84}},"83":{"start":{"line":146,"column":12},"end":{"line":146,"column":25}},"84":{"start":{"line":153,"column":6},"end":{"line":164,"column":9}},"85":{"start":{"line":154,"column":9},"end":{"line":154,"column":26}},"86":{"start":{"line":155,"column":9},"end":{"line":159,"column":10}},"87":{"start":{"line":155,"column":35},"end":{"line":155,"column":55}},"88":{"start":{"line":157,"column":12},"end":{"line":157,"column":45}},"89":{"start":{"line":158,"column":12},"end":{"line":158,"column":19}},"90":{"start":{"line":160,"column":9},"end":{"line":160,"column":35}},"91":{"start":{"line":161,"column":9},"end":{"line":163,"column":12}},"92":{"start":{"line":162,"column":12},"end":{"line":162,"column":32}},"93":{"start":{"line":162,"column":20},"end":{"line":162,"column":32}},"94":{"start":{"line":168,"column":6},"end":{"line":172,"column":9}},"95":{"start":{"line":169,"column":9},"end":{"line":171,"column":10}},"96":{"start":{"line":170,"column":12},"end":{"line":170,"column":43}},"97":{"start":{"line":176,"column":0},"end":{"line":178,"column":1}}},"branchMap":{"1":{"line":35,"type":"if","locations":[{"start":{"line":35,"column":4},"end":{"line":35,"column":4}},{"start":{"line":35,"column":4},"end":{"line":35,"column":4}}]},"2":{"line":39,"type":"if","locations":[{"start":{"line":39,"column":8},"end":{"line":39,"column":8}},{"start":{"line":39,"column":8},"end":{"line":39,"column":8}}]},"3":{"line":43,"type":"if","locations":[{"start":{"line":43,"column":12},"end":{"line":43,"column":12}},{"start":{"line":43,"column":12},"end":{"line":43,"column":12}}]},"4":{"line":54,"type":"if","locations":[{"start":{"line":54,"column":8},"end":{"line":54,"column":8}},{"start":{"line":54,"column":8},"end":{"line":54,"column":8}}]},"5":{"line":63,"type":"if","locations":[{"start":{"line":63,"column":9},"end":{"line":63,"column":9}},{"start":{"line":63,"column":9},"end":{"line":63,"column":9}}]},"6":{"line":73,"type":"if","locations":[{"start":{"line":73,"column":9},"end":{"line":73,"column":9}},{"start":{"line":73,"column":9},"end":{"line":73,"column":9}}]},"7":{"line":80,"type":"if","locations":[{"start":{"line":80,"column":12},"end":{"line":80,"column":12}},{"start":{"line":80,"column":12},"end":{"line":80,"column":12}}]},"8":{"line":90,"type":"if","locations":[{"start":{"line":90,"column":9},"end":{"line":90,"column":9}},{"start":{"line":90,"column":9},"end":{"line":90,"column":9}}]},"9":{"line":96,"type":"if","locations":[{"start":{"line":96,"column":12},"end":{"line":96,"column":12}},{"start":{"line":96,"column":12},"end":{"line":96,"column":12}}]},"10":{"line":107,"type":"if","locations":[{"start":{"line":107,"column":8},"end":{"line":107,"column":8}},{"start":{"line":107,"column":8},"end":{"line":107,"column":8}}]},"11":{"line":114,"type":"if","locations":[{"start":{"line":114,"column":10},"end":{"line":114,"column":10}},{"start":{"line":114,"column":10},"end":{"line":114,"column":10}}]},"12":{"line":115,"type":"if","locations":[{"start":{"line":115,"column":10},"end":{"line":115,"column":10}},{"start":{"line":115,"column":10},"end":{"line":115,"column":10}}]},"13":{"line":122,"type":"if","locations":[{"start":{"line":122,"column":12},"end":{"line":122,"column":12}},{"start":{"line":122,"column":12},"end":{"line":122,"column":12}}]},"14":{"line":124,"type":"if","locations":[{"start":{"line":124,"column":12},"end":{"line":124,"column":12}},{"start":{"line":124,"column":12},"end":{"line":124,"column":12}}]},"15":{"line":138,"type":"if","locations":[{"start":{"line":138,"column":9},"end":{"line":138,"column":9}},{"start":{"line":138,"column":9},"end":{"line":138,"column":9}}]},"16":{"line":144,"type":"if","locations":[{"start":{"line":144,"column":12},"end":{"line":144,"column":12}},{"start":{"line":144,"column":12},"end":{"line":144,"column":12}}]},"17":{"line":155,"type":"if","locations":[{"start":{"line":155,"column":9},"end":{"line":155,"column":9}},{"start":{"line":155,"column":9},"end":{"line":155,"column":9}}]},"18":{"line":162,"type":"if","locations":[{"start":{"line":162,"column":12},"end":{"line":162,"column":12}},{"start":{"line":162,"column":12},"end":{"line":162,"column":12}}]}}}}