TN:
SF:/mnt/c/Users/KyleM/Desktop/GlobalWarming/spec/helpers/jasmine_examples/SpecHelper.js
FN:1,(anonymous_1)
FN:3,(anonymous_2)
FN:5,(anonymous_3)
FNF:3
FNH:1
FNDA:1,(anonymous_1)
FNDA:0,(anonymous_2)
FNDA:0,(anonymous_3)
DA:1,1
DA:2,1
DA:4,0
DA:6,0
DA:8,0
LF:5
LH:2
BRDA:9,1,0,0
BRDA:9,1,1,0
BRF:2
BRH:0
end_of_record
TN:
SF:/mnt/c/Users/KyleM/Desktop/GlobalWarming/server/databaseTests.js
FN:2,(anonymous_1)
FN:3,(anonymous_2)
FNF:2
FNH:2
FNDA:1,(anonymous_1)
FNDA:1,(anonymous_2)
DA:2,1
DA:3,1
DA:5,1
DA:6,1
DA:8,1
LF:5
LH:5
BRF:0
BRH:0
end_of_record
TN:
SF:/mnt/c/Users/KyleM/Desktop/GlobalWarming/server/database/database.js
FN:31,(anonymous_1)
FN:38,(anonymous_2)
FN:42,(anonymous_3)
FN:52,(anonymous_4)
FN:53,(anonymous_5)
FN:61,(anonymous_6)
FN:62,(anonymous_7)
FN:69,(anonymous_8)
FN:79,(anonymous_9)
FN:86,(anonymous_10)
FN:95,(anonymous_11)
FN:103,(anonymous_12)
FN:113,(anonymous_13)
FN:121,(anonymous_14)
FN:135,(anonymous_15)
FN:143,(anonymous_16)
FN:152,(anonymous_17)
FN:161,(anonymous_18)
FN:167,(anonymous_19)
FNF:19
FNH:1
FNDA:0,(anonymous_1)
FNDA:0,(anonymous_2)
FNDA:0,(anonymous_3)
FNDA:0,(anonymous_4)
FNDA:0,(anonymous_5)
FNDA:1,(anonymous_6)
FNDA:0,(anonymous_7)
FNDA:0,(anonymous_8)
FNDA:0,(anonymous_9)
FNDA:0,(anonymous_10)
FNDA:0,(anonymous_11)
FNDA:0,(anonymous_12)
FNDA:0,(anonymous_13)
FNDA:0,(anonymous_14)
FNDA:0,(anonymous_15)
FNDA:0,(anonymous_16)
FNDA:0,(anonymous_17)
FNDA:0,(anonymous_18)
FNDA:0,(anonymous_19)
DA:7,1
DA:12,1
DA:14,1
DA:31,1
DA:32,0
DA:35,0
DA:38,0
DA:39,0
DA:42,0
DA:43,0
DA:46,0
DA:47,0
DA:52,1
DA:53,0
DA:54,0
DA:55,0
DA:62,1
DA:63,0
DA:64,0
DA:66,1
DA:70,0
DA:71,0
DA:72,0
DA:73,0
DA:74,0
DA:76,0
DA:77,0
DA:79,0
DA:80,0
DA:81,0
DA:87,0
DA:88,0
DA:89,0
DA:90,0
DA:92,0
DA:93,0
DA:95,0
DA:96,0
DA:97,0
DA:104,0
DA:105,0
DA:106,0
DA:107,0
DA:109,0
DA:110,0
DA:113,0
DA:114,0
DA:115,0
DA:116,0
DA:117,0
DA:118,0
DA:119,0
DA:121,0
DA:122,0
DA:123,0
DA:124,0
DA:125,0
DA:126,0
DA:127,0
DA:128,0
DA:136,0
DA:137,0
DA:138,0
DA:140,0
DA:141,0
DA:143,0
DA:144,0
DA:145,0
DA:146,0
DA:153,0
DA:154,0
DA:155,0
DA:157,0
DA:158,0
DA:160,0
DA:161,0
DA:162,0
DA:168,0
DA:169,0
DA:170,0
DA:176,1
LF:81
LH:8
BRDA:35,1,0,0
BRDA:35,1,1,0
BRDA:39,2,0,0
BRDA:39,2,1,0
BRDA:43,3,0,0
BRDA:43,3,1,0
BRDA:54,4,0,0
BRDA:54,4,1,0
BRDA:63,5,0,0
BRDA:63,5,1,0
BRDA:73,6,0,0
BRDA:73,6,1,0
BRDA:80,7,0,0
BRDA:80,7,1,0
BRDA:90,8,0,0
BRDA:90,8,1,0
BRDA:96,9,0,0
BRDA:96,9,1,0
BRDA:107,10,0,0
BRDA:107,10,1,0
BRDA:114,11,0,0
BRDA:114,11,1,0
BRDA:115,12,0,0
BRDA:115,12,1,0
BRDA:122,13,0,0
BRDA:122,13,1,0
BRDA:124,14,0,0
BRDA:124,14,1,0
BRDA:138,15,0,0
BRDA:138,15,1,0
BRDA:144,16,0,0
BRDA:144,16,1,0
BRDA:155,17,0,0
BRDA:155,17,1,0
BRDA:162,18,0,0
BRDA:162,18,1,0
BRF:36
BRH:0
end_of_record
